141122 14:07:13 [Note] Plugin 'FEDERATED' is disabled.
141122 14:07:13 InnoDB: The InnoDB memory heap is disabled
141122 14:07:13 InnoDB: Mutexes and rw_locks use Windows interlocked functions
141122 14:07:13 InnoDB: Compressed tables use zlib 1.2.3
141122 14:07:13 InnoDB: Initializing buffer pool, size = 128.0M
141122 14:07:13 InnoDB: Completed initialization of buffer pool
InnoDB: The first specified data file C:\Users\USER\Downloads\USBWebserver v8.5\8.5\mysql\data\ibdata1 did not exist:
InnoDB: a new database to be created!
141122 14:07:13  InnoDB: Setting file C:\Users\USER\Downloads\USBWebserver v8.5\8.5\mysql\data\ibdata1 size to 10 MB
InnoDB: Database physically writes the file full: wait...
141122 14:07:13  InnoDB: Log file C:\Users\USER\Downloads\USBWebserver v8.5\8.5\mysql\data\ib_logfile0 did not exist: new to be created
InnoDB: Setting log file C:\Users\USER\Downloads\USBWebserver v8.5\8.5\mysql\data\ib_logfile0 size to 5 MB
InnoDB: Database physically writes the file full: wait...
141122 14:07:14  InnoDB: Log file C:\Users\USER\Downloads\USBWebserver v8.5\8.5\mysql\data\ib_logfile1 did not exist: new to be created
InnoDB: Setting log file C:\Users\USER\Downloads\USBWebserver v8.5\8.5\mysql\data\ib_logfile1 size to 5 MB
InnoDB: Database physically writes the file full: wait...
InnoDB: Doublewrite buffer not found: creating new
InnoDB: Doublewrite buffer created
InnoDB: 127 rollback segment(s) active.
InnoDB: Creating foreign key constraint system tables
InnoDB: Foreign key constraint system tables created
141122 14:07:15  InnoDB: Waiting for the background threads to start
141122 14:07:16 InnoDB: 1.1.8 started; log sequence number 0
141122 20:13:09 [Note] Plugin 'FEDERATED' is disabled.
141122 20:13:09 InnoDB: The InnoDB memory heap is disabled
141122 20:13:09 InnoDB: Mutexes and rw_locks use Windows interlocked functions
141122 20:13:09 InnoDB: Compressed tables use zlib 1.2.3
141122 20:13:09 InnoDB: Initializing buffer pool, size = 128.0M
141122 20:13:09 InnoDB: Completed initialization of buffer pool
141122 20:13:09 InnoDB: highest supported file format is Barracuda.
InnoDB: The log sequence number in ibdata files does not match
InnoDB: the log sequence number in the ib_logfiles!
141122 20:13:09  InnoDB: Database was not shut down normally!
InnoDB: Starting crash recovery.
InnoDB: Reading tablespace information from the .ibd files...
InnoDB: Restoring possible half-written data pages from the doublewrite
InnoDB: buffer...
141122 20:13:10  InnoDB: Waiting for the background threads to start
141122 20:13:11 InnoDB: 1.1.8 started; log sequence number 1595675
141122 20:17:40 [Note] Plugin 'FEDERATED' is disabled.
141122 20:17:40 InnoDB: The InnoDB memory heap is disabled
141122 20:17:40 InnoDB: Mutexes and rw_locks use Windows interlocked functions
141122 20:17:40 InnoDB: Compressed tables use zlib 1.2.3
141122 20:17:40 InnoDB: Initializing buffer pool, size = 128.0M
141122 20:17:40 InnoDB: Completed initialization of buffer pool
141122 20:17:40 InnoDB: highest supported file format is Barracuda.
InnoDB: The log sequence number in ibdata files does not match
InnoDB: the log sequence number in the ib_logfiles!
141122 20:17:40  InnoDB: Database was not shut down normally!
InnoDB: Starting crash recovery.
InnoDB: Reading tablespace information from the .ibd files...
InnoDB: Restoring possible half-written data pages from the doublewrite
InnoDB: buffer...
141122 20:17:41  InnoDB: Waiting for the background threads to start
141122 20:17:42 InnoDB: 1.1.8 started; log sequence number 1626043
141122 20:17:54 [Note] Plugin 'FEDERATED' is disabled.
141122 20:17:54 InnoDB: The InnoDB memory heap is disabled
141122 20:17:54 InnoDB: Mutexes and rw_locks use Windows interlocked functions
141122 20:17:54 InnoDB: Compressed tables use zlib 1.2.3
141122 20:17:54 InnoDB: Initializing buffer pool, size = 128.0M
141122 20:17:54 InnoDB: Completed initialization of buffer pool
141122 20:17:54 InnoDB: highest supported file format is Barracuda.
InnoDB: The log sequence number in ibdata files does not match
InnoDB: the log sequence number in the ib_logfiles!
141122 20:17:54  InnoDB: Database was not shut down normally!
InnoDB: Starting crash recovery.
InnoDB: Reading tablespace information from the .ibd files...
InnoDB: Restoring possible half-written data pages from the doublewrite
InnoDB: buffer...
141122 20:17:54  InnoDB: Waiting for the background threads to start
141122 20:17:56 InnoDB: 1.1.8 started; log sequence number 1626043
141122 20:18:28 [Note] Plugin 'FEDERATED' is disabled.
141122 20:18:28 InnoDB: The InnoDB memory heap is disabled
141122 20:18:28 InnoDB: Mutexes and rw_locks use Windows interlocked functions
141122 20:18:28 InnoDB: Compressed tables use zlib 1.2.3
141122 20:18:28 InnoDB: Initializing buffer pool, size = 128.0M
141122 20:18:28 InnoDB: Completed initialization of buffer pool
141122 20:18:29 InnoDB: highest supported file format is Barracuda.
InnoDB: The log sequence number in ibdata files does not match
InnoDB: the log sequence number in the ib_logfiles!
141122 20:18:29  InnoDB: Database was not shut down normally!
InnoDB: Starting crash recovery.
InnoDB: Reading tablespace information from the .ibd files...
InnoDB: Restoring possible half-written data pages from the doublewrite
InnoDB: buffer...
141122 20:18:29  InnoDB: Waiting for the background threads to start
141122 20:18:30 InnoDB: 1.1.8 started; log sequence number 1626043
141122 20:18:34 [Note] Plugin 'FEDERATED' is disabled.
141122 20:18:34 InnoDB: The InnoDB memory heap is disabled
141122 20:18:34 InnoDB: Mutexes and rw_locks use Windows interlocked functions
141122 20:18:34 InnoDB: Compressed tables use zlib 1.2.3
141122 20:18:35 InnoDB: Initializing buffer pool, size = 128.0M
141122 20:18:35 InnoDB: Completed initialization of buffer pool
141122 20:18:35 InnoDB: highest supported file format is Barracuda.
InnoDB: The log sequence number in ibdata files does not match
InnoDB: the log sequence number in the ib_logfiles!
141122 20:18:35  InnoDB: Database was not shut down normally!
InnoDB: Starting crash recovery.
InnoDB: Reading tablespace information from the .ibd files...
InnoDB: Restoring possible half-written data pages from the doublewrite
InnoDB: buffer...
141122 20:18:35  InnoDB: Waiting for the background threads to start
141122 20:18:36 InnoDB: 1.1.8 started; log sequence number 1626043
141122 20:18:47 [Note] Plugin 'FEDERATED' is disabled.
141122 20:18:47 InnoDB: The InnoDB memory heap is disabled
141122 20:18:47 InnoDB: Mutexes and rw_locks use Windows interlocked functions
141122 20:18:47 InnoDB: Compressed tables use zlib 1.2.3
141122 20:18:47 InnoDB: Initializing buffer pool, size = 128.0M
141122 20:18:47 InnoDB: Completed initialization of buffer pool
141122 20:18:47 InnoDB: highest supported file format is Barracuda.
InnoDB: The log sequence number in ibdata files does not match
InnoDB: the log sequence number in the ib_logfiles!
141122 20:18:47  InnoDB: Database was not shut down normally!
InnoDB: Starting crash recovery.
InnoDB: Reading tablespace information from the .ibd files...
InnoDB: Restoring possible half-written data pages from the doublewrite
InnoDB: buffer...
141122 20:18:48  InnoDB: Waiting for the background threads to start
141122 20:18:49 InnoDB: 1.1.8 started; log sequence number 1626043
141122 20:18:52 [Note] Plugin 'FEDERATED' is disabled.
141122 20:18:52 InnoDB: The InnoDB memory heap is disabled
141122 20:18:52 InnoDB: Mutexes and rw_locks use Windows interlocked functions
141122 20:18:52 InnoDB: Compressed tables use zlib 1.2.3
141122 20:18:52 InnoDB: Initializing buffer pool, size = 128.0M
141122 20:18:52 InnoDB: Completed initialization of buffer pool
141122 20:18:52 InnoDB: highest supported file format is Barracuda.
InnoDB: The log sequence number in ibdata files does not match
InnoDB: the log sequence number in the ib_logfiles!
141122 20:18:52  InnoDB: Database was not shut down normally!
InnoDB: Starting crash recovery.
InnoDB: Reading tablespace information from the .ibd files...
InnoDB: Restoring possible half-written data pages from the doublewrite
InnoDB: buffer...
141122 20:18:52  InnoDB: Waiting for the background threads to start
141122 20:18:54 InnoDB: 1.1.8 started; log sequence number 1626043
141122 20:19:05 [Note] Plugin 'FEDERATED' is disabled.
141122 20:19:05 InnoDB: The InnoDB memory heap is disabled
141122 20:19:05 InnoDB: Mutexes and rw_locks use Windows interlocked functions
141122 20:19:05 InnoDB: Compressed tables use zlib 1.2.3
141122 20:19:05 InnoDB: Initializing buffer pool, size = 128.0M
141122 20:19:05 InnoDB: Completed initialization of buffer pool
141122 20:19:05 InnoDB: highest supported file format is Barracuda.
InnoDB: The log sequence number in ibdata files does not match
InnoDB: the log sequence number in the ib_logfiles!
141122 20:19:05  InnoDB: Database was not shut down normally!
InnoDB: Starting crash recovery.
InnoDB: Reading tablespace information from the .ibd files...
InnoDB: Restoring possible half-written data pages from the doublewrite
InnoDB: buffer...
141122 20:19:06  InnoDB: Waiting for the background threads to start
141122 20:19:07 InnoDB: 1.1.8 started; log sequence number 1626043
141122 20:19:09 [Note] Plugin 'FEDERATED' is disabled.
141122 20:19:09 InnoDB: The InnoDB memory heap is disabled
141122 20:19:09 InnoDB: Mutexes and rw_locks use Windows interlocked functions
141122 20:19:09 InnoDB: Compressed tables use zlib 1.2.3
141122 20:19:09 InnoDB: Initializing buffer pool, size = 128.0M
141122 20:19:09 InnoDB: Completed initialization of buffer pool
141122 20:19:09 InnoDB: highest supported file format is Barracuda.
InnoDB: The log sequence number in ibdata files does not match
InnoDB: the log sequence number in the ib_logfiles!
141122 20:19:10  InnoDB: Database was not shut down normally!
InnoDB: Starting crash recovery.
InnoDB: Reading tablespace information from the .ibd files...
InnoDB: Restoring possible half-written data pages from the doublewrite
InnoDB: buffer...
141122 20:19:10  InnoDB: Waiting for the background threads to start
141122 20:19:11 InnoDB: 1.1.8 started; log sequence number 1626043
141122 20:25:06 [Note] Plugin 'FEDERATED' is disabled.
141122 20:25:06 InnoDB: The InnoDB memory heap is disabled
141122 20:25:06 InnoDB: Mutexes and rw_locks use Windows interlocked functions
141122 20:25:06 InnoDB: Compressed tables use zlib 1.2.3
141122 20:25:06 InnoDB: Initializing buffer pool, size = 128.0M
141122 20:25:06 InnoDB: Completed initialization of buffer pool
141122 20:25:06 InnoDB: highest supported file format is Barracuda.
InnoDB: The log sequence number in ibdata files does not match
InnoDB: the log sequence number in the ib_logfiles!
141122 20:25:06  InnoDB: Database was not shut down normally!
InnoDB: Starting crash recovery.
InnoDB: Reading tablespace information from the .ibd files...
InnoDB: Restoring possible half-written data pages from the doublewrite
InnoDB: buffer...
141122 20:25:07  InnoDB: Waiting for the background threads to start
141122 20:25:08 InnoDB: 1.1.8 started; log sequence number 1626053
141122 20:59:51 [Note] Plugin 'FEDERATED' is disabled.
141122 20:59:51 InnoDB: The InnoDB memory heap is disabled
141122 20:59:51 InnoDB: Mutexes and rw_locks use Windows interlocked functions
141122 20:59:51 InnoDB: Compressed tables use zlib 1.2.3
141122 20:59:51 InnoDB: Initializing buffer pool, size = 128.0M
141122 20:59:51 InnoDB: Completed initialization of buffer pool
141122 20:59:51  InnoDB: Operating system error number 32 in a file operation.
InnoDB: The error means that another program is using InnoDB's files.
InnoDB: This might be a backup or antivirus software or another instance
InnoDB: of MySQL. Please close it to get rid of this error.
141122 21:00:03 [Note] Plugin 'FEDERATED' is disabled.
141122 21:00:03 InnoDB: The InnoDB memory heap is disabled
141122 21:00:03 InnoDB: Mutexes and rw_locks use Windows interlocked functions
141122 21:00:03 InnoDB: Compressed tables use zlib 1.2.3
141122 21:00:03 InnoDB: Initializing buffer pool, size = 128.0M
141122 21:00:03 InnoDB: Completed initialization of buffer pool
141122 21:00:03 InnoDB: highest supported file format is Barracuda.
InnoDB: The log sequence number in ibdata files does not match
InnoDB: the log sequence number in the ib_logfiles!
141122 21:00:03  InnoDB: Database was not shut down normally!
InnoDB: Starting crash recovery.
InnoDB: Reading tablespace information from the .ibd files...
InnoDB: Restoring possible half-written data pages from the doublewrite
InnoDB: buffer...
141122 21:00:04  InnoDB: Waiting for the background threads to start
141122 21:00:05 InnoDB: 1.1.8 started; log sequence number 1626063
141122 21:00:26 [Note] Plugin 'FEDERATED' is disabled.
141122 21:00:26 InnoDB: The InnoDB memory heap is disabled
141122 21:00:26 InnoDB: Mutexes and rw_locks use Windows interlocked functions
141122 21:00:26 InnoDB: Compressed tables use zlib 1.2.3
141122 21:00:26 InnoDB: Initializing buffer pool, size = 128.0M
141122 21:00:26 InnoDB: Completed initialization of buffer pool
141122 21:00:26 InnoDB: highest supported file format is Barracuda.
InnoDB: The log sequence number in ibdata files does not match
InnoDB: the log sequence number in the ib_logfiles!
141122 21:00:26  InnoDB: Database was not shut down normally!
InnoDB: Starting crash recovery.
InnoDB: Reading tablespace information from the .ibd files...
InnoDB: Restoring possible half-written data pages from the doublewrite
InnoDB: buffer...
141122 21:00:26  InnoDB: Waiting for the background threads to start
141122 21:00:27 InnoDB: 1.1.8 started; log sequence number 1626063
141122 21:02:58 [Note] Plugin 'FEDERATED' is disabled.
141122 21:02:58 InnoDB: The InnoDB memory heap is disabled
141122 21:02:58 InnoDB: Mutexes and rw_locks use Windows interlocked functions
141122 21:02:58 InnoDB: Compressed tables use zlib 1.2.3
141122 21:02:58 InnoDB: Initializing buffer pool, size = 128.0M
141122 21:02:58 InnoDB: Completed initialization of buffer pool
141122 21:02:59 InnoDB: highest supported file format is Barracuda.
InnoDB: The log sequence number in ibdata files does not match
InnoDB: the log sequence number in the ib_logfiles!
141122 21:02:59  InnoDB: Database was not shut down normally!
InnoDB: Starting crash recovery.
InnoDB: Reading tablespace information from the .ibd files...
InnoDB: Restoring possible half-written data pages from the doublewrite
InnoDB: buffer...
141122 21:02:59  InnoDB: Waiting for the background threads to start
141122 21:03:00 InnoDB: 1.1.8 started; log sequence number 1626073
141122 21:04:43 [Note] Plugin 'FEDERATED' is disabled.
141122 21:04:43 InnoDB: The InnoDB memory heap is disabled
141122 21:04:43 InnoDB: Mutexes and rw_locks use Windows interlocked functions
141122 21:04:43 InnoDB: Compressed tables use zlib 1.2.3
141122 21:04:43 InnoDB: Initializing buffer pool, size = 128.0M
141122 21:04:43 InnoDB: Completed initialization of buffer pool
141122 21:04:43 InnoDB: highest supported file format is Barracuda.
InnoDB: The log sequence number in ibdata files does not match
InnoDB: the log sequence number in the ib_logfiles!
141122 21:04:43  InnoDB: Database was not shut down normally!
InnoDB: Starting crash recovery.
InnoDB: Reading tablespace information from the .ibd files...
InnoDB: Restoring possible half-written data pages from the doublewrite
InnoDB: buffer...
141122 21:04:44  InnoDB: Waiting for the background threads to start
141122 21:04:45 InnoDB: 1.1.8 started; log sequence number 1626083
141122 21:25:30 [Note] Plugin 'FEDERATED' is disabled.
141122 21:25:30 InnoDB: The InnoDB memory heap is disabled
141122 21:25:30 InnoDB: Mutexes and rw_locks use Windows interlocked functions
141122 21:25:30 InnoDB: Compressed tables use zlib 1.2.3
141122 21:25:31 InnoDB: Initializing buffer pool, size = 128.0M
141122 21:25:31 InnoDB: Completed initialization of buffer pool
141122 21:25:31 InnoDB: highest supported file format is Barracuda.
InnoDB: The log sequence number in ibdata files does not match
InnoDB: the log sequence number in the ib_logfiles!
141122 21:25:31  InnoDB: Database was not shut down normally!
InnoDB: Starting crash recovery.
InnoDB: Reading tablespace information from the .ibd files...
InnoDB: Restoring possible half-written data pages from the doublewrite
InnoDB: buffer...
141122 21:25:31  InnoDB: Waiting for the background threads to start
141122 21:25:32 InnoDB: 1.1.8 started; log sequence number 1626093
141128 14:15:25 [Note] Plugin 'FEDERATED' is disabled.
141128 14:15:25 InnoDB: The InnoDB memory heap is disabled
141128 14:15:25 InnoDB: Mutexes and rw_locks use Windows interlocked functions
141128 14:15:25 InnoDB: Compressed tables use zlib 1.2.3
141128 14:15:25 InnoDB: Initializing buffer pool, size = 128.0M
141128 14:15:25 InnoDB: Completed initialization of buffer pool
141128 14:15:28 InnoDB: highest supported file format is Barracuda.
InnoDB: The log sequence number in ibdata files does not match
InnoDB: the log sequence number in the ib_logfiles!
141128 14:15:28  InnoDB: Database was not shut down normally!
InnoDB: Starting crash recovery.
InnoDB: Reading tablespace information from the .ibd files...
InnoDB: Restoring possible half-written data pages from the doublewrite
InnoDB: buffer...
141128 14:15:28  InnoDB: Waiting for the background threads to start
141128 14:15:29 InnoDB: 1.1.8 started; log sequence number 1626103
141128 14:50:54 [Note] Plugin 'FEDERATED' is disabled.
141128 14:50:54 InnoDB: The InnoDB memory heap is disabled
141128 14:50:54 InnoDB: Mutexes and rw_locks use Windows interlocked functions
141128 14:50:54 InnoDB: Compressed tables use zlib 1.2.3
141128 14:50:54 InnoDB: Initializing buffer pool, size = 128.0M
141128 14:50:54 InnoDB: Completed initialization of buffer pool
141128 14:50:54 InnoDB: highest supported file format is Barracuda.
InnoDB: The log sequence number in ibdata files does not match
InnoDB: the log sequence number in the ib_logfiles!
141128 14:50:54  InnoDB: Database was not shut down normally!
InnoDB: Starting crash recovery.
InnoDB: Reading tablespace information from the .ibd files...
InnoDB: Restoring possible half-written data pages from the doublewrite
InnoDB: buffer...
141128 14:50:55  InnoDB: Waiting for the background threads to start
141128 14:50:56 InnoDB: 1.1.8 started; log sequence number 1626103
141128 14:50:56 [Note] Event Scheduler: Loaded 0 events
141128 14:50:56 [Note] C:\Users\USER\Desktop\cbt2/mysql/bin/mysqld_usbwv8.exe: ready for connections.
Version: '5.5.20'  socket: ''  port: 3310  MySQL Community Server (GPL)
141128 14:51:24 [Note] Plugin 'FEDERATED' is disabled.
141128 14:51:24 InnoDB: The InnoDB memory heap is disabled
141128 14:51:24 InnoDB: Mutexes and rw_locks use Windows interlocked functions
141128 14:51:24 InnoDB: Compressed tables use zlib 1.2.3
141128 14:51:24 InnoDB: Initializing buffer pool, size = 128.0M
141128 14:51:24 InnoDB: Completed initialization of buffer pool
141128 14:51:24 InnoDB: highest supported file format is Barracuda.
InnoDB: The log sequence number in ibdata files does not match
InnoDB: the log sequence number in the ib_logfiles!
141128 14:51:24  InnoDB: Database was not shut down normally!
InnoDB: Starting crash recovery.
InnoDB: Reading tablespace information from the .ibd files...
InnoDB: Restoring possible half-written data pages from the doublewrite
InnoDB: buffer...
141128 14:51:25  InnoDB: Waiting for the background threads to start
141128 14:51:26 InnoDB: 1.1.8 started; log sequence number 1626103
141128 14:56:58 [Note] Plugin 'FEDERATED' is disabled.
141128 14:56:58 InnoDB: The InnoDB memory heap is disabled
141128 14:56:58 InnoDB: Mutexes and rw_locks use Windows interlocked functions
141128 14:56:58 InnoDB: Compressed tables use zlib 1.2.3
141128 14:56:58 InnoDB: Initializing buffer pool, size = 128.0M
141128 14:56:58 InnoDB: Completed initialization of buffer pool
141128 14:56:58 InnoDB: highest supported file format is Barracuda.
InnoDB: The log sequence number in ibdata files does not match
InnoDB: the log sequence number in the ib_logfiles!
141128 14:56:58  InnoDB: Database was not shut down normally!
InnoDB: Starting crash recovery.
InnoDB: Reading tablespace information from the .ibd files...
InnoDB: Restoring possible half-written data pages from the doublewrite
InnoDB: buffer...
141128 14:56:59  InnoDB: Waiting for the background threads to start
141128 14:57:00 InnoDB: 1.1.8 started; log sequence number 1626129
141128 14:58:02 [Note] Plugin 'FEDERATED' is disabled.
141128 14:58:02 InnoDB: The InnoDB memory heap is disabled
141128 14:58:02 InnoDB: Mutexes and rw_locks use Windows interlocked functions
141128 14:58:02 InnoDB: Compressed tables use zlib 1.2.3
141128 14:58:02 InnoDB: Initializing buffer pool, size = 128.0M
141128 14:58:02 InnoDB: Completed initialization of buffer pool
141128 14:58:02 InnoDB: highest supported file format is Barracuda.
InnoDB: The log sequence number in ibdata files does not match
InnoDB: the log sequence number in the ib_logfiles!
141128 14:58:02  InnoDB: Database was not shut down normally!
InnoDB: Starting crash recovery.
InnoDB: Reading tablespace information from the .ibd files...
InnoDB: Restoring possible half-written data pages from the doublewrite
InnoDB: buffer...
141128 14:58:02  InnoDB: Waiting for the background threads to start
141128 14:58:03 InnoDB: 1.1.8 started; log sequence number 1626129
141128 15:02:11 [Note] Plugin 'FEDERATED' is disabled.
141128 15:02:11 InnoDB: The InnoDB memory heap is disabled
141128 15:02:11 InnoDB: Mutexes and rw_locks use Windows interlocked functions
141128 15:02:11 InnoDB: Compressed tables use zlib 1.2.3
141128 15:02:11 InnoDB: Initializing buffer pool, size = 128.0M
141128 15:02:11 InnoDB: Completed initialization of buffer pool
141128 15:02:11 InnoDB: highest supported file format is Barracuda.
InnoDB: The log sequence number in ibdata files does not match
InnoDB: the log sequence number in the ib_logfiles!
141128 15:02:11  InnoDB: Database was not shut down normally!
InnoDB: Starting crash recovery.
InnoDB: Reading tablespace information from the .ibd files...
InnoDB: Restoring possible half-written data pages from the doublewrite
InnoDB: buffer...
141128 15:02:12  InnoDB: Waiting for the background threads to start
141128 15:02:13 InnoDB: 1.1.8 started; log sequence number 1681666
141128 15:03:07 [Note] Plugin 'FEDERATED' is disabled.
141128 15:03:07 InnoDB: The InnoDB memory heap is disabled
141128 15:03:07 InnoDB: Mutexes and rw_locks use Windows interlocked functions
141128 15:03:07 InnoDB: Compressed tables use zlib 1.2.3
141128 15:03:07 InnoDB: Initializing buffer pool, size = 128.0M
141128 15:03:07 InnoDB: Completed initialization of buffer pool
141128 15:03:07 InnoDB: highest supported file format is Barracuda.
InnoDB: The log sequence number in ibdata files does not match
InnoDB: the log sequence number in the ib_logfiles!
141128 15:03:07  InnoDB: Database was not shut down normally!
InnoDB: Starting crash recovery.
InnoDB: Reading tablespace information from the .ibd files...
InnoDB: Restoring possible half-written data pages from the doublewrite
InnoDB: buffer...
141128 15:03:08  InnoDB: Waiting for the background threads to start
141128 15:03:09 InnoDB: 1.1.8 started; log sequence number 1681676
141128 15:04:54 [Note] Plugin 'FEDERATED' is disabled.
141128 15:04:54 InnoDB: The InnoDB memory heap is disabled
141128 15:04:54 InnoDB: Mutexes and rw_locks use Windows interlocked functions
141128 15:04:54 InnoDB: Compressed tables use zlib 1.2.3
141128 15:04:54 InnoDB: Initializing buffer pool, size = 128.0M
141128 15:04:54 InnoDB: Completed initialization of buffer pool
141128 15:04:54 InnoDB: highest supported file format is Barracuda.
InnoDB: The log sequence number in ibdata files does not match
InnoDB: the log sequence number in the ib_logfiles!
141128 15:04:54  InnoDB: Database was not shut down normally!
InnoDB: Starting crash recovery.
InnoDB: Reading tablespace information from the .ibd files...
InnoDB: Restoring possible half-written data pages from the doublewrite
InnoDB: buffer...
141128 15:04:55  InnoDB: Waiting for the background threads to start
141128 15:04:56 InnoDB: 1.1.8 started; log sequence number 1682837
141222 13:46:14 [Note] Plugin 'FEDERATED' is disabled.
141222 13:46:14 InnoDB: The InnoDB memory heap is disabled
141222 13:46:14 InnoDB: Mutexes and rw_locks use Windows interlocked functions
141222 13:46:14 InnoDB: Compressed tables use zlib 1.2.3
141222 13:46:15 InnoDB: Initializing buffer pool, size = 128.0M
141222 13:46:15 InnoDB: Completed initialization of buffer pool
141222 13:46:15 InnoDB: highest supported file format is Barracuda.
InnoDB: The log sequence number in ibdata files does not match
InnoDB: the log sequence number in the ib_logfiles!
141222 13:46:15  InnoDB: Database was not shut down normally!
InnoDB: Starting crash recovery.
InnoDB: Reading tablespace information from the .ibd files...
InnoDB: Restoring possible half-written data pages from the doublewrite
InnoDB: buffer...
141222 13:46:16  InnoDB: Waiting for the background threads to start
141222 13:46:17 InnoDB: 1.1.8 started; log sequence number 1684411
141222 13:56:19 [Note] Plugin 'FEDERATED' is disabled.
141222 13:56:19 InnoDB: The InnoDB memory heap is disabled
141222 13:56:19 InnoDB: Mutexes and rw_locks use Windows interlocked functions
141222 13:56:19 InnoDB: Compressed tables use zlib 1.2.3
141222 13:56:19 InnoDB: Initializing buffer pool, size = 128.0M
141222 13:56:19 InnoDB: Completed initialization of buffer pool
141222 13:56:19 InnoDB: highest supported file format is Barracuda.
InnoDB: The log sequence number in ibdata files does not match
InnoDB: the log sequence number in the ib_logfiles!
141222 13:56:19  InnoDB: Database was not shut down normally!
InnoDB: Starting crash recovery.
InnoDB: Reading tablespace information from the .ibd files...
InnoDB: Restoring possible half-written data pages from the doublewrite
InnoDB: buffer...
141222 13:56:20  InnoDB: Waiting for the background threads to start
141222 13:56:21 InnoDB: 1.1.8 started; log sequence number 1684421
141222 14:05:49 [Note] Plugin 'FEDERATED' is disabled.
141222 14:05:49 InnoDB: The InnoDB memory heap is disabled
141222 14:05:49 InnoDB: Mutexes and rw_locks use Windows interlocked functions
141222 14:05:49 InnoDB: Compressed tables use zlib 1.2.3
141222 14:05:49 InnoDB: Initializing buffer pool, size = 128.0M
141222 14:05:49 InnoDB: Completed initialization of buffer pool
141222 14:05:49 InnoDB: highest supported file format is Barracuda.
InnoDB: The log sequence number in ibdata files does not match
InnoDB: the log sequence number in the ib_logfiles!
141222 14:05:49  InnoDB: Database was not shut down normally!
InnoDB: Starting crash recovery.
InnoDB: Reading tablespace information from the .ibd files...
InnoDB: Restoring possible half-written data pages from the doublewrite
InnoDB: buffer...
141222 14:05:50  InnoDB: Waiting for the background threads to start
141222 14:05:51 InnoDB: 1.1.8 started; log sequence number 1684431
141222 14:13:13 [Note] Plugin 'FEDERATED' is disabled.
141222 14:13:13 InnoDB: The InnoDB memory heap is disabled
141222 14:13:13 InnoDB: Mutexes and rw_locks use Windows interlocked functions
141222 14:13:13 InnoDB: Compressed tables use zlib 1.2.3
141222 14:13:13 InnoDB: Initializing buffer pool, size = 128.0M
141222 14:13:13 InnoDB: Completed initialization of buffer pool
141222 14:13:13 InnoDB: highest supported file format is Barracuda.
InnoDB: The log sequence number in ibdata files does not match
InnoDB: the log sequence number in the ib_logfiles!
141222 14:13:13  InnoDB: Database was not shut down normally!
InnoDB: Starting crash recovery.
InnoDB: Reading tablespace information from the .ibd files...
InnoDB: Restoring possible half-written data pages from the doublewrite
InnoDB: buffer...
141222 14:13:14  InnoDB: Waiting for the background threads to start
141222 14:13:15 InnoDB: 1.1.8 started; log sequence number 1684441
141222 14:15:30 [Note] Plugin 'FEDERATED' is disabled.
141222 14:15:30 InnoDB: The InnoDB memory heap is disabled
141222 14:15:30 InnoDB: Mutexes and rw_locks use Windows interlocked functions
141222 14:15:30 InnoDB: Compressed tables use zlib 1.2.3
141222 14:15:30 InnoDB: Initializing buffer pool, size = 128.0M
141222 14:15:30 InnoDB: Completed initialization of buffer pool
141222 14:15:30 InnoDB: highest supported file format is Barracuda.
InnoDB: The log sequence number in ibdata files does not match
InnoDB: the log sequence number in the ib_logfiles!
141222 14:15:30  InnoDB: Database was not shut down normally!
InnoDB: Starting crash recovery.
InnoDB: Reading tablespace information from the .ibd files...
InnoDB: Restoring possible half-written data pages from the doublewrite
InnoDB: buffer...
141222 14:15:30  InnoDB: Waiting for the background threads to start
141222 14:15:31 InnoDB: 1.1.8 started; log sequence number 1684451
141222 16:14:07 [Note] Plugin 'FEDERATED' is disabled.
141222 16:14:07 InnoDB: The InnoDB memory heap is disabled
141222 16:14:08 InnoDB: Mutexes and rw_locks use Windows interlocked functions
141222 16:14:08 InnoDB: Compressed tables use zlib 1.2.3
141222 16:14:08 InnoDB: Initializing buffer pool, size = 128.0M
141222 16:14:08 InnoDB: Completed initialization of buffer pool
141222 16:14:08 InnoDB: highest supported file format is Barracuda.
InnoDB: The log sequence number in ibdata files does not match
InnoDB: the log sequence number in the ib_logfiles!
141222 16:14:08  InnoDB: Database was not shut down normally!
InnoDB: Starting crash recovery.
InnoDB: Reading tablespace information from the .ibd files...
InnoDB: Restoring possible half-written data pages from the doublewrite
InnoDB: buffer...
141222 16:14:08  InnoDB: Waiting for the background threads to start
141222 16:14:09 InnoDB: 1.1.8 started; log sequence number 1684461
141227 23:49:41 [Note] Plugin 'FEDERATED' is disabled.
141227 23:49:41 InnoDB: The InnoDB memory heap is disabled
141227 23:49:41 InnoDB: Mutexes and rw_locks use Windows interlocked functions
141227 23:49:41 InnoDB: Compressed tables use zlib 1.2.3
141227 23:49:41 InnoDB: Initializing buffer pool, size = 128.0M
141227 23:49:41 InnoDB: Completed initialization of buffer pool
141227 23:49:45 InnoDB: highest supported file format is Barracuda.
InnoDB: The log sequence number in ibdata files does not match
InnoDB: the log sequence number in the ib_logfiles!
141227 23:49:45  InnoDB: Database was not shut down normally!
InnoDB: Starting crash recovery.
InnoDB: Reading tablespace information from the .ibd files...
InnoDB: Restoring possible half-written data pages from the doublewrite
InnoDB: buffer...
141227 23:49:53  InnoDB: Waiting for the background threads to start
141227 23:49:54 InnoDB: 1.1.8 started; log sequence number 1684461
141228 10:52:26 [Note] Plugin 'FEDERATED' is disabled.
141228 10:52:26 InnoDB: The InnoDB memory heap is disabled
141228 10:52:26 InnoDB: Mutexes and rw_locks use Windows interlocked functions
141228 10:52:26 InnoDB: Compressed tables use zlib 1.2.3
141228 10:52:26 InnoDB: Initializing buffer pool, size = 128.0M
141228 10:52:26 InnoDB: Completed initialization of buffer pool
141228 10:52:26 InnoDB: highest supported file format is Barracuda.
InnoDB: The log sequence number in ibdata files does not match
InnoDB: the log sequence number in the ib_logfiles!
141228 10:52:26  InnoDB: Database was not shut down normally!
InnoDB: Starting crash recovery.
InnoDB: Reading tablespace information from the .ibd files...
InnoDB: Restoring possible half-written data pages from the doublewrite
InnoDB: buffer...
141228 10:52:27  InnoDB: Waiting for the background threads to start
141228 10:52:28 InnoDB: 1.1.8 started; log sequence number 1684471
141228 11:41:47 [Note] Plugin 'FEDERATED' is disabled.
141228 11:41:47 InnoDB: The InnoDB memory heap is disabled
141228 11:41:47 InnoDB: Mutexes and rw_locks use Windows interlocked functions
141228 11:41:47 InnoDB: Compressed tables use zlib 1.2.3
141228 11:41:47 InnoDB: Initializing buffer pool, size = 128.0M
141228 11:41:47 InnoDB: Completed initialization of buffer pool
141228 11:41:47 InnoDB: highest supported file format is Barracuda.
InnoDB: The log sequence number in ibdata files does not match
InnoDB: the log sequence number in the ib_logfiles!
141228 11:41:47  InnoDB: Database was not shut down normally!
InnoDB: Starting crash recovery.
InnoDB: Reading tablespace information from the .ibd files...
InnoDB: Restoring possible half-written data pages from the doublewrite
InnoDB: buffer...
141228 11:41:47  InnoDB: Waiting for the background threads to start
141228 11:41:48 InnoDB: 1.1.8 started; log sequence number 1684471
150211 17:10:27 [Note] Plugin 'FEDERATED' is disabled.
150211 17:10:27 InnoDB: The InnoDB memory heap is disabled
150211 17:10:27 InnoDB: Mutexes and rw_locks use Windows interlocked functions
150211 17:10:27 InnoDB: Compressed tables use zlib 1.2.3
150211 17:10:27 InnoDB: Initializing buffer pool, size = 128.0M
150211 17:10:27 InnoDB: Completed initialization of buffer pool
150211 17:10:29 InnoDB: highest supported file format is Barracuda.
InnoDB: The log sequence number in ibdata files does not match
InnoDB: the log sequence number in the ib_logfiles!
150211 17:10:29  InnoDB: Database was not shut down normally!
InnoDB: Starting crash recovery.
InnoDB: Reading tablespace information from the .ibd files...
InnoDB: Restoring possible half-written data pages from the doublewrite
InnoDB: buffer...
150211 17:10:29  InnoDB: Waiting for the background threads to start
150211 17:10:30 InnoDB: 1.1.8 started; log sequence number 1684497
150211 17:15:27 [Note] Plugin 'FEDERATED' is disabled.
150211 17:15:27 InnoDB: The InnoDB memory heap is disabled
150211 17:15:27 InnoDB: Mutexes and rw_locks use Windows interlocked functions
150211 17:15:27 InnoDB: Compressed tables use zlib 1.2.3
150211 17:15:27 InnoDB: Initializing buffer pool, size = 128.0M
150211 17:15:27 InnoDB: Completed initialization of buffer pool
150211 17:15:27 InnoDB: highest supported file format is Barracuda.
InnoDB: The log sequence number in ibdata files does not match
InnoDB: the log sequence number in the ib_logfiles!
150211 17:15:27  InnoDB: Database was not shut down normally!
InnoDB: Starting crash recovery.
InnoDB: Reading tablespace information from the .ibd files...
InnoDB: Restoring possible half-written data pages from the doublewrite
InnoDB: buffer...
150211 17:15:28  InnoDB: Waiting for the background threads to start
150211 17:15:29 InnoDB: 1.1.8 started; log sequence number 1707675
150211 17:16:50 [Note] Plugin 'FEDERATED' is disabled.
150211 17:16:50 InnoDB: The InnoDB memory heap is disabled
150211 17:16:51 InnoDB: Mutexes and rw_locks use Windows interlocked functions
150211 17:16:51 InnoDB: Compressed tables use zlib 1.2.3
150211 17:16:51 InnoDB: Initializing buffer pool, size = 128.0M
150211 17:16:51 InnoDB: Completed initialization of buffer pool
150211 17:16:51 InnoDB: highest supported file format is Barracuda.
InnoDB: The log sequence number in ibdata files does not match
InnoDB: the log sequence number in the ib_logfiles!
150211 17:16:51  InnoDB: Database was not shut down normally!
InnoDB: Starting crash recovery.
InnoDB: Reading tablespace information from the .ibd files...
InnoDB: Restoring possible half-written data pages from the doublewrite
InnoDB: buffer...
150211 17:16:51  InnoDB: Waiting for the background threads to start
150211 17:16:52 InnoDB: 1.1.8 started; log sequence number 1707675
150211 17:17:53 [Note] Plugin 'FEDERATED' is disabled.
150211 17:17:53 InnoDB: The InnoDB memory heap is disabled
150211 17:17:53 InnoDB: Mutexes and rw_locks use Windows interlocked functions
150211 17:17:53 InnoDB: Compressed tables use zlib 1.2.3
150211 17:17:53 InnoDB: Initializing buffer pool, size = 128.0M
150211 17:17:53 InnoDB: Completed initialization of buffer pool
150211 17:17:53  InnoDB: Operating system error number 32 in a file operation.
InnoDB: The error means that another program is using InnoDB's files.
InnoDB: This might be a backup or antivirus software or another instance
InnoDB: of MySQL. Please close it to get rid of this error.
150211 17:18:03  InnoDB: Operating system error number 32 in a file operation.
InnoDB: The error means that another program is using InnoDB's files.
InnoDB: This might be a backup or antivirus software or another instance
InnoDB: of MySQL. Please close it to get rid of this error.
150211 17:18:13  InnoDB: Operating system error number 32 in a file operation.
InnoDB: The error means that another program is using InnoDB's files.
InnoDB: This might be a backup or antivirus software or another instance
InnoDB: of MySQL. Please close it to get rid of this error.
150211 17:18:23  InnoDB: Operating system error number 32 in a file operation.
InnoDB: The error means that another program is using InnoDB's files.
InnoDB: This might be a backup or antivirus software or another instance
InnoDB: of MySQL. Please close it to get rid of this error.
150211 17:18:33  InnoDB: Operating system error number 32 in a file operation.
InnoDB: The error means that another program is using InnoDB's files.
InnoDB: This might be a backup or antivirus software or another instance
InnoDB: of MySQL. Please close it to get rid of this error.
150211 17:18:43  InnoDB: Operating system error number 32 in a file operation.
InnoDB: The error means that another program is using InnoDB's files.
InnoDB: This might be a backup or antivirus software or another instance
InnoDB: of MySQL. Please close it to get rid of this error.
150211 17:18:53  InnoDB: Operating system error number 32 in a file operation.
InnoDB: The error means that another program is using InnoDB's files.
InnoDB: This might be a backup or antivirus software or another instance
InnoDB: of MySQL. Please close it to get rid of this error.
150211 17:19:03  InnoDB: Operating system error number 32 in a file operation.
InnoDB: The error means that another program is using InnoDB's files.
InnoDB: This might be a backup or antivirus software or another instance
InnoDB: of MySQL. Please close it to get rid of this error.
150211 17:19:13  InnoDB: Operating system error number 32 in a file operation.
InnoDB: The error means that another program is using InnoDB's files.
InnoDB: This might be a backup or antivirus software or another instance
InnoDB: of MySQL. Please close it to get rid of this error.
150211 17:19:23  InnoDB: Operating system error number 32 in a file operation.
InnoDB: The error means that another program is using InnoDB's files.
InnoDB: This might be a backup or antivirus software or another instance
InnoDB: of MySQL. Please close it to get rid of this error.
150211 17:19:33  InnoDB: Operating system error number 32 in a file operation.
InnoDB: The error means that another program is using InnoDB's files.
InnoDB: This might be a backup or antivirus software or another instance
InnoDB: of MySQL. Please close it to get rid of this error.
150211 17:19:43  InnoDB: Operating system error number 32 in a file operation.
InnoDB: The error means that another program is using InnoDB's files.
InnoDB: This might be a backup or antivirus software or another instance
InnoDB: of MySQL. Please close it to get rid of this error.
150211 17:19:53  InnoDB: Operating system error number 32 in a file operation.
InnoDB: The error means that another program is using InnoDB's files.
InnoDB: This might be a backup or antivirus software or another instance
InnoDB: of MySQL. Please close it to get rid of this error.
150211 17:20:03  InnoDB: Operating system error number 32 in a file operation.
InnoDB: The error means that another program is using InnoDB's files.
InnoDB: This might be a backup or antivirus software or another instance
InnoDB: of MySQL. Please close it to get rid of this error.
150211 17:20:13  InnoDB: Operating system error number 32 in a file operation.
InnoDB: The error means that another program is using InnoDB's files.
InnoDB: This might be a backup or antivirus software or another instance
InnoDB: of MySQL. Please close it to get rid of this error.
150211 17:20:23  InnoDB: Operating system error number 32 in a file operation.
InnoDB: The error means that another program is using InnoDB's files.
InnoDB: This might be a backup or antivirus software or another instance
InnoDB: of MySQL. Please close it to get rid of this error.
150211 17:20:33  InnoDB: Operating system error number 32 in a file operation.
InnoDB: The error means that another program is using InnoDB's files.
InnoDB: This might be a backup or antivirus software or another instance
InnoDB: of MySQL. Please close it to get rid of this error.
150211 17:20:43  InnoDB: Operating system error number 32 in a file operation.
InnoDB: The error means that another program is using InnoDB's files.
InnoDB: This might be a backup or antivirus software or another instance
InnoDB: of MySQL. Please close it to get rid of this error.
150211 17:20:53  InnoDB: Operating system error number 32 in a file operation.
InnoDB: The error means that another program is using InnoDB's files.
InnoDB: This might be a backup or antivirus software or another instance
InnoDB: of MySQL. Please close it to get rid of this error.
150211 17:21:03  InnoDB: Operating system error number 32 in a file operation.
InnoDB: The error means that another program is using InnoDB's files.
InnoDB: This might be a backup or antivirus software or another instance
InnoDB: of MySQL. Please close it to get rid of this error.
150211 17:21:13  InnoDB: Operating system error number 32 in a file operation.
InnoDB: The error means that another program is using InnoDB's files.
InnoDB: This might be a backup or antivirus software or another instance
InnoDB: of MySQL. Please close it to get rid of this error.
150211 17:21:23  InnoDB: Operating system error number 32 in a file operation.
InnoDB: The error means that another program is using InnoDB's files.
InnoDB: This might be a backup or antivirus software or another instance
InnoDB: of MySQL. Please close it to get rid of this error.
150211 17:21:33  InnoDB: Operating system error number 32 in a file operation.
InnoDB: The error means that another program is using InnoDB's files.
InnoDB: This might be a backup or antivirus software or another instance
InnoDB: of MySQL. Please close it to get rid of this error.
150211 17:21:43  InnoDB: Operating system error number 32 in a file operation.
InnoDB: The error means that another program is using InnoDB's files.
InnoDB: This might be a backup or antivirus software or another instance
InnoDB: of MySQL. Please close it to get rid of this error.
150211 17:21:44 [Note] Plugin 'FEDERATED' is disabled.
150211 17:21:44 InnoDB: The InnoDB memory heap is disabled
150211 17:21:44 InnoDB: Mutexes and rw_locks use Windows interlocked functions
150211 17:21:44 InnoDB: Compressed tables use zlib 1.2.3
150211 17:21:44 InnoDB: Initializing buffer pool, size = 128.0M
150211 17:21:44 InnoDB: Completed initialization of buffer pool
150211 17:21:44  InnoDB: Operating system error number 32 in a file operation.
InnoDB: The error means that another program is using InnoDB's files.
InnoDB: This might be a backup or antivirus software or another instance
InnoDB: of MySQL. Please close it to get rid of this error.
150211 17:21:53  InnoDB: Operating system error number 32 in a file operation.
InnoDB: The error means that another program is using InnoDB's files.
InnoDB: This might be a backup or antivirus software or another instance
InnoDB: of MySQL. Please close it to get rid of this error.
150211 17:21:54  InnoDB: Operating system error number 32 in a file operation.
InnoDB: The error means that another program is using InnoDB's files.
InnoDB: This might be a backup or antivirus software or another instance
InnoDB: of MySQL. Please close it to get rid of this error.
150211 17:22:09 [Note] Plugin 'FEDERATED' is disabled.
150211 17:22:09 InnoDB: The InnoDB memory heap is disabled
150211 17:22:09 InnoDB: Mutexes and rw_locks use Windows interlocked functions
150211 17:22:09 InnoDB: Compressed tables use zlib 1.2.3
150211 17:22:09 InnoDB: Initializing buffer pool, size = 128.0M
150211 17:22:09 InnoDB: Completed initialization of buffer pool
150211 17:22:09 InnoDB: highest supported file format is Barracuda.
InnoDB: The log sequence number in ibdata files does not match
InnoDB: the log sequence number in the ib_logfiles!
150211 17:22:09  InnoDB: Database was not shut down normally!
InnoDB: Starting crash recovery.
InnoDB: Reading tablespace information from the .ibd files...
InnoDB: Restoring possible half-written data pages from the doublewrite
InnoDB: buffer...
150211 17:22:09  InnoDB: Waiting for the background threads to start
150211 17:22:10 InnoDB: 1.1.8 started; log sequence number 1707685
150211 17:23:25 [Note] Plugin 'FEDERATED' is disabled.
150211 17:23:25 InnoDB: The InnoDB memory heap is disabled
150211 17:23:25 InnoDB: Mutexes and rw_locks use Windows interlocked functions
150211 17:23:25 InnoDB: Compressed tables use zlib 1.2.3
150211 17:23:25 InnoDB: Initializing buffer pool, size = 128.0M
150211 17:23:25 InnoDB: Completed initialization of buffer pool
150211 17:23:25 InnoDB: highest supported file format is Barracuda.
InnoDB: The log sequence number in ibdata files does not match
InnoDB: the log sequence number in the ib_logfiles!
150211 17:23:25  InnoDB: Database was not shut down normally!
InnoDB: Starting crash recovery.
InnoDB: Reading tablespace information from the .ibd files...
InnoDB: Restoring possible half-written data pages from the doublewrite
InnoDB: buffer...
150211 17:23:25  InnoDB: Waiting for the background threads to start
150211 17:23:26 InnoDB: 1.1.8 started; log sequence number 1707695
150401 17:24:42 [Note] Plugin 'FEDERATED' is disabled.
150401 17:24:42 InnoDB: The InnoDB memory heap is disabled
150401 17:24:42 InnoDB: Mutexes and rw_locks use Windows interlocked functions
150401 17:24:42 InnoDB: Compressed tables use zlib 1.2.3
150401 17:24:42 InnoDB: Initializing buffer pool, size = 128.0M
150401 17:24:42 InnoDB: Completed initialization of buffer pool
150401 17:24:43 InnoDB: highest supported file format is Barracuda.
InnoDB: The log sequence number in ibdata files does not match
InnoDB: the log sequence number in the ib_logfiles!
150401 17:24:43  InnoDB: Database was not shut down normally!
InnoDB: Starting crash recovery.
InnoDB: Reading tablespace information from the .ibd files...
InnoDB: Restoring possible half-written data pages from the doublewrite
InnoDB: buffer...
150401 17:24:50  InnoDB: Waiting for the background threads to start
150401 17:24:51 InnoDB: 1.1.8 started; log sequence number 1707705
